11:17:26.173 [main] DEBUG - Save content types part
11:17:26.180 [main] DEBUG - Save package relationships
11:17:26.182 [main] DEBUG - Save part 'docProps/app.xml'
11:17:26.182 [main] DEBUG - Save part 'docProps/core.xml'
11:17:26.183 [main] DEBUG - Save part 'xl/sharedStrings.xml'
11:17:26.183 [main] DEBUG - Save part 'xl/styles.xml'
11:17:26.183 [main] DEBUG - Save part 'xl/workbook.xml'
11:17:26.185 [main] DEBUG - Save part 'xl/worksheets/sheet1.xml'
11:17:26.185 [main] DEBUG - Save part 'xl/worksheets/sheet2.xml'
11:17:26.186 [main] DEBUG - Save part 'xl/worksheets/sheet3.xml'
11:17:26.240 [main] DEBUG - Parsing relationship: /xl/_rels/workbook.xml.rels
11:17:26.242 [main] DEBUG - Parsing relationship: /_rels/.rels
11:17:26.253 [main] DEBUG - Save content types part
11:17:26.254 [main] DEBUG - Save package relationships
11:17:26.254 [main] DEBUG - Save part 'docProps/app.xml'
11:17:26.254 [main] DEBUG - Save part 'docProps/core.xml'
11:17:26.254 [main] DEBUG - Save part 'xl/sharedStrings.xml'
11:17:26.255 [main] DEBUG - Save part 'xl/styles.xml'
11:17:26.255 [main] DEBUG - Save part 'xl/workbook.xml'
11:17:26.255 [main] DEBUG - Save part 'xl/worksheets/sheet1.xml'
11:17:26.257 [main] DEBUG - Save part 'xl/worksheets/sheet2.xml'
11:17:26.257 [main] DEBUG - Save part 'xl/worksheets/sheet3.xml'
11:17:26.315 [main] DEBUG - Parsing relationship: /xl/_rels/workbook.xml.rels
11:17:26.315 [main] DEBUG - Parsing relationship: /_rels/.rels
11:17:26.325 [main] DEBUG - Save content types part
11:17:26.326 [main] DEBUG - Save package relationships
11:17:26.328 [main] DEBUG - Save part 'docProps/app.xml'
11:17:26.328 [main] DEBUG - Save part 'docProps/core.xml'
11:17:26.329 [main] DEBUG - Save part 'xl/sharedStrings.xml'
11:17:26.329 [main] DEBUG - Save part 'xl/styles.xml'
11:17:26.329 [main] DEBUG - Save part 'xl/workbook.xml'
11:17:26.330 [main] DEBUG - Save part 'xl/worksheets/sheet1.xml'
11:17:26.330 [main] DEBUG - Save part 'xl/worksheets/sheet2.xml'
11:17:26.330 [main] DEBUG - Save part 'xl/worksheets/sheet3.xml'
11:17:26.380 [main] DEBUG - Parsing relationship: /xl/_rels/workbook.xml.rels
11:17:26.381 [main] DEBUG - Parsing relationship: /_rels/.rels
11:17:26.394 [main] DEBUG - Save content types part
11:17:26.395 [main] DEBUG - Save package relationships
11:17:26.395 [main] DEBUG - Save part 'docProps/app.xml'
11:17:26.396 [main] DEBUG - Save part 'docProps/core.xml'
11:17:26.396 [main] DEBUG - Save part 'xl/sharedStrings.xml'
11:17:26.396 [main] DEBUG - Save part 'xl/styles.xml'
11:17:26.396 [main] DEBUG - Save part 'xl/workbook.xml'
11:17:26.397 [main] DEBUG - Save part 'xl/worksheets/sheet1.xml'
11:17:26.397 [main] DEBUG - Save part 'xl/worksheets/sheet2.xml'
11:17:26.397 [main] DEBUG - Save part 'xl/worksheets/sheet3.xml'
11:17:44.307 [main] DEBUG - Parsing relationship: /xl/_rels/workbook.xml.rels
11:17:44.308 [main] DEBUG - Parsing relationship: /_rels/.rels
11:17:44.327 [main] DEBUG - Save content types part
