13:40:27.658 [main] DEBUG - Save part 'xl/worksheets/sheet2.xml'
13:40:27.664 [main] DEBUG - Save part 'xl/worksheets/sheet3.xml'
13:40:27.775 [main] DEBUG - Parsing relationship: /xl/_rels/workbook.xml.rels
13:40:27.775 [main] DEBUG - Parsing relationship: /_rels/.rels
13:40:27.788 [main] DEBUG - Save content types part
13:40:27.790 [main] DEBUG - Save package relationships
13:40:27.791 [main] DEBUG - Save part 'docProps/app.xml'
13:40:27.791 [main] DEBUG - Save part 'docProps/core.xml'
13:40:27.792 [main] DEBUG - Save part 'xl/sharedStrings.xml'
13:40:27.792 [main] DEBUG - Save part 'xl/styles.xml'
13:40:27.804 [main] DEBUG - Save part 'xl/workbook.xml'
13:40:27.805 [main] DEBUG - Save part 'xl/worksheets/sheet1.xml'
13:40:27.805 [main] DEBUG - Save part 'xl/worksheets/sheet2.xml'
13:40:27.806 [main] DEBUG - Save part 'xl/worksheets/sheet3.xml'
13:40:27.871 [main] DEBUG - Parsing relationship: /xl/_rels/workbook.xml.rels
13:40:27.871 [main] DEBUG - Parsing relationship: /_rels/.rels
13:40:27.885 [main] DEBUG - Save content types part
13:40:27.887 [main] DEBUG - Save package relationships
13:40:27.888 [main] DEBUG - Save part 'docProps/app.xml'
13:40:27.888 [main] DEBUG - Save part 'docProps/core.xml'
13:40:27.890 [main] DEBUG - Save part 'xl/sharedStrings.xml'
13:40:27.890 [main] DEBUG - Save part 'xl/styles.xml'
13:40:27.890 [main] DEBUG - Save part 'xl/workbook.xml'
13:40:27.891 [main] DEBUG - Save part 'xl/worksheets/sheet1.xml'
13:40:27.892 [main] DEBUG - Save part 'xl/worksheets/sheet2.xml'
13:40:27.892 [main] DEBUG - Save part 'xl/worksheets/sheet3.xml'
13:40:27.967 [main] DEBUG - Parsing relationship: /xl/_rels/workbook.xml.rels
13:40:27.968 [main] DEBUG - Parsing relationship: /_rels/.rels
13:40:27.983 [main] DEBUG - Save content types part
13:40:27.984 [main] DEBUG - Save package relationships
13:40:27.986 [main] DEBUG - Save part 'docProps/app.xml'
13:40:27.986 [main] DEBUG - Save part 'docProps/core.xml'
13:40:27.987 [main] DEBUG - Save part 'xl/sharedStrings.xml'
13:40:27.987 [main] DEBUG - Save part 'xl/styles.xml'
13:40:27.987 [main] DEBUG - Save part 'xl/workbook.xml'
13:40:27.989 [main] DEBUG - Save part 'xl/worksheets/sheet1.xml'
13:40:27.989 [main] DEBUG - Save part 'xl/worksheets/sheet2.xml'
13:40:27.989 [main] DEBUG - Save part 'xl/worksheets/sheet3.xml'
13:40:28.047 [main] DEBUG - Parsing relationship: /xl/_rels/workbook.xml.rels
13:40:28.047 [main] DEBUG - Parsing relationship: /_rels/.rels
13:40:28.056 [main] DEBUG - Save content types part
13:40:28.057 [main] DEBUG - Save package relationships
13:40:28.058 [main] DEBUG - Save part 'docProps/app.xml'
13:40:28.058 [main] DEBUG - Save part 'docProps/core.xml'
13:40:28.059 [main] DEBUG - Save part 'xl/sharedStrings.xml'
13:40:28.059 [main] DEBUG - Save part 'xl/styles.xml'
13:40:28.059 [main] DEBUG - Save part 'xl/workbook.xml'
13:40:28.060 [main] DEBUG - Save part 'xl/worksheets/sheet1.xml'
13:40:28.060 [main] DEBUG - Save part 'xl/worksheets/sheet2.xml'
